Starting Tina build
--- TINA BUILD DEBUG ---
Branch: main
Client ID present: true
Token present: true
Search Token type: string
Search Token length: 40
------------------------

server listening on port 4001
node.exe : [2K[1GIndexing local files Ôáő[2K
[1GIndexing local files ÔáÖ[2K[1GIndexing lo
cal files Ôá╣--- ALERT: .split() called on non-
string object! ---
At C:\Program Files\nodejs\npx.ps1:29 char:3
+   & $NODE_EXE $NPX_CLI_JS $args
+   ~~~~~~~~~~~~~~~~~~~~~~~~~~~~~
    + CategoryInfo          : NotSpecif    ied:
 ([2K[1GIndexin...ing object!     ---:String)
 [], RemoteException
    + FullyQualifiedErrorId : NativeCom    mand
Error
 
Value: [ 'theme', 'screens' ]
Type: object
Trace
    at Array.<anonymous> (file:///C:/Users/kiss
b/AppData/Local/Temp/1770476284351/config.build
.mjs:344644:17)
    at module.exports (C:\Users\kissb\Documents
\tyukod.hu\node_modules\dlv\dist\dlv.js:1:52)
    at getConfigValue (C:\Users\kissb\Documents
\tyukod.hu\node_modules\@tinacms\cli\node_modul
es\tailwindcss\lib\lib\setupContextUtils.js:302
:40)
    at resolveThemeValue (C:\Users\kissb\Docume
nts\tyukod.hu\node_modules\@tinacms\cli\node_mo
dules\tailwindcss\lib\lib\setupContextUtils.js:
318:21)
    at corePlugins.container (C:\Users\kissb\Do
cuments\tyukod.hu\node_modules\@tinacms\cli\nod
e_modules\tailwindcss\lib\corePlugins.js:603:94
)
    at registerPlugins (C:\Users\kissb\Document
s\tyukod.hu\node_modules\@tinacms\cli\node_modu
les\tailwindcss\lib\lib\setupContextUtils.js:81
5:61)
    at createContext (C:\Users\kissb\Documents\
tyukod.hu\node_modules\@tinacms\cli\node_module
s\tailwindcss\lib\lib\setupContextUtils.js:1221
:5)
    at getContext (C:\Users\kissb\Documents\tyu
kod.hu\node_modules\@tinacms\cli\node_modules\t
ailwindcss\lib\lib\setupContextUtils.js:1278:19
)
    at C:\Users\kissb\Documents\tyukod.hu\node_
modules\@tinacms\cli\node_modules\tailwindcss\l
ib\lib\setupTrackingContext.js:121:81
    at C:\Users\kissb\Documents\tyukod.hu\node_
modules\@tinacms\cli\node_modules\tailwindcss\l
ib\processTailwindFeatures.js:46:11
[31m[vite:css] [postcss] str.split is not a fu
nction (Caught by Diagnostic Patch)[39m
file: [36mC:/Users/kissb/Documents/tyukod.hu/n
ode_modules/@tinacms/app/src/index.css:undefine
d:undefined[39m
TypeError: [postcss] str.split is not a functio
n (Caught by Diagnostic Patch)
    at Array.<anonymous> (file:///C:/Users/kiss
b/AppData/Local/Temp/1770476284351/config.build
.mjs:344645:15)
    at module.exports (C:\Users\kissb\Documents
\tyukod.hu\node_modules\dlv\dist\dlv.js:1:52)
    at getConfigValue (C:\Users\kissb\Documents
\tyukod.hu\node_modules\@tinacms\cli\node_modul
es\tailwindcss\lib\lib\setupContextUtils.js:302
:40)
    at resolveThemeValue (C:\Users\kissb\Docume
nts\tyukod.hu\node_modules\@tinacms\cli\node_mo
dules\tailwindcss\lib\lib\setupContextUtils.js:
318:21)
    at corePlugins.container (C:\Users\kissb\Do
cuments\tyukod.hu\node_modules\@tinacms\cli\nod
e_modules\tailwindcss\lib\corePlugins.js:603:94
)
    at registerPlugins (C:\Users\kissb\Document
s\tyukod.hu\node_modules\@tinacms\cli\node_modu
les\tailwindcss\lib\lib\setupContextUtils.js:81
5:61)
    at createContext (C:\Users\kissb\Documents\
tyukod.hu\node_modules\@tinacms\cli\node_module
s\tailwindcss\lib\lib\setupContextUtils.js:1221
:5)
    at getContext (C:\Users\kissb\Documents\tyu
kod.hu\node_modules\@tinacms\cli\node_modules\t
ailwindcss\lib\lib\setupContextUtils.js:1278:19
)
    at C:\Users\kissb\Documents\tyukod.hu\node_
modules\@tinacms\cli\node_modules\tailwindcss\l
ib\lib\setupTrackingContext.js:121:81
    at C:\Users\kissb\Documents\tyukod.hu\node_
modules\@tinacms\cli\node_modules\tailwindcss\l
ib\processTailwindFeatures.js:46:11 {
  code: 'PLUGIN_ERROR',
  loc: { column: undefined, line: undefined },
  pluginCode: '@import "global.css";\n' +
    '@import "preflight.css";\n' +
    '@tailwind base;\n' +
    '@tailwind components;\n' +
    '@tailwind utilities;\n' +
    '\n' +
    '/* Tailwind reset clobbers some playground
 styles */\n' +
    '.graphiql-execute-button {\n' +
    '  @apply bg-blue-600 !important;\n' +
    '}\n' +
    '\n' +
    '.icon-parent svg {\n' +
    '  fill: currentColor;\n' +
    '}\n' +
    '\n' +
    '.font-libre-baskerville {\n' +
    '  font-family: "Libre Baskerville", serif;
\n' +
    '}\n' +
    '\n' +
    'body {\n' +
    '  margin: 0;\n' +
    '  padding: 0;\n' +
    '  font-family: -apple-system, BlinkMacSyst
emFont, "Segoe UI", "Roboto", "Oxygen",\n' +
    '    "Ubuntu", "Cantarell", "Fira Sans", "D
roid Sans", "Helvetica Neue",\n' +
    '    sans-serif;\n' +
    '  -webkit-font-smoothing: antialiased;\n' 
+
    '  -moz-osx-font-smoothing: grayscale;\n' +
    '}\n' +
    '\n' +
    'code {\n' +
    '  font-family: source-code-pro, Menlo, Mon
aco, Consolas, "Courier New",\n' +
    '    monospace;\n' +
    '}\n' +
    '\n' +
    'div.graphiql-explorer-root > div:last-chil
d {\n' +
    '  display: none;\n' +
    '}\n' +
    '\n' +
    '.graphiql-container {\n' +
    '  height: 100vh !important;\n' +
    '  width: 100vw !important;\n' +
    '}\n' +
    '\n' +
    "/* if the last block has margin-bottom it 
makes the text box larger but some of it isn't 
clickable */\n" +
    '.tina-prose [data-slate-editor="true"] {\n
' +
    '  padding-bottom: 0.5em;\n' +
    '  /* Outline is placed on the parent eleme
nt for styling consistency with other elements 
*/\n' +
    '  outline: none;\n' +
    '}\n' +
    '/* prose adds backticks, which look like t
hey should be editable */\n' +
    '.tina-prose [data-slate-editor="true"] .sl
ate-code::before {\n' +
    '  content: "";\n' +
    '}\n' +
    '.tina-prose [data-slate-editor="true"] .sl
ate-code::after {\n' +
    '  content: "";\n' +
    '}\n' +
    '.tina-prose [data-slate-editor="true"] .sl
ate-code_block {\n' +
    '  margin: 0;\n' +
    '}\n' +
    "/* code lines as part of a block don't nee
d the same background formatting */\n" +
    '.tina-prose [data-slate-editor="true"] .sl
ate-code_block .slate-code {\n' +
    '  background: none;\n' +
    '}\n' +
    '/* prose makes the first p in a block slig
htly larger */\n' +
    '.tina-prose [data-slate-editor="true"] p:f
irst-of-type {\n' +
    '  font-size: 1em;\n' +
    '}\n' +
    '\n' +
    "/* experimental floating toolbar doesn't n
eed a large text area */\n" +
    '.with-toolbar [data-slate-editor="true"] {
\n' +
    '  min-height: 72px;\n' +
    '}\n' +
    '\n' +
    '@keyframes color-popup-keyframes {\n' +
    '  0% {\n' +
    '    transform: translate3d(-50%, 0, 0) sca
le3d(0.5, 0.5, 1);\n' +
    '  }\n' +
    '  100% {\n' +
    '    transform: translate3d(-50%, 8px, 0) s
cale3d(1, 1, 1);\n' +
    '  }\n' +
    '}\n' +
    '\n' +
    '@keyframes color-popup-open-top-keyframes 
{\n' +
    '  0% {\n' +
    '    transform: translate3d(-50%, -100%, 0)
 scale3d(0.5, 0.5, 1);\n' +
    '  }\n' +
    '  100% {\n' +
    '    transform: translate3d(-50%, calc(-100
% - 8px), 0) scale3d(1, 1, 1);\n' +
    '  }\n' +
    '}\n' +
    '\n' +
    '@keyframes loading-dots-scale-up-and-down 
{\n' +
    '  0% {\n' +
    '    transform: scale(0.1);\n' +
    '  }\n' +
    '\n' +
    '  50% {\n' +
    '    transform: scale(1);\n' +
    '  }\n' +
    '\n' +
    '  90% {\n' +
    '    transform: scale(0.1);\n' +
    '  }\n' +
    '\n' +
    '  100% {\n' +
    '    transform: scale(0.1);\n' +
    '  }\n' +
    '}\n' +
    '\n' +
    '.color-picker-clip-path::before,\n' +
    '.color-picker-clip-path::after {\n' +
    '  clip-path: polygon(50% 0%, 0% 100%, 100%
 100%);\n' +
    '}\n' +
    '\n' +
    '.color-picker-on-top-clip-path::before,\n'
 +
    '.color-picker-on-top-clip-path::after {\n'
 +
    '  clip-path: polygon(0% 0%, 100% 0%, 50% 1
00%);\n' +
    '}\n' +
    '\n' +
    '.tina-date-field .rdt {\n' +
    '  position: relative;\n' +
    '}\n' +
    '\n' +
    '.tina-date-field .rdtPicker {\n' +
    '  display: none;\n' +
    '  position: absolute;\n' +
    '  width: 100%;\n' +
    '  max-width: 350px;\n' +
    '  padding: 4px;\n' +
    '  margin-top: 4px;\n' +
    '  z-index: 99999 !important;\n' +
    '  background: var(--tina-color-grey-0);\n'
 +
    '  border-radius: var(--tina-radius-small);
\n' +
    '  box-shadow: var(--tina-shadow-big);\n' +
    '  border: 1px solid var(--tina-color-grey-
2);\n' +
    '}\n' +
    '\n' +
    '.tina-date-field .rdtOpen .rdtPicker {\n' 
+
    '  display: block;\n' +
    '}\n' +
    '\n' +
    '.tina-date-field .rdtStatic .rdtPicker {\n
' +
    '  box-shadow: none;\n' +
    '  position: static;\n' +
    '}\n' +
    '\n' +
    '.tina-date-field .rdtPicker .rdtTimeToggle
 {\n' +
    '  text-align: center;\n' +
    '}\n' +
    '\n' +
    '.tina-date-field .rdtPicker table {\n' +
    '  width: 100%;\n' +
    '  margin: 0;\n' +
    '}\n' +
    '\n' +
    '.tina-date-field .rdtPicker td,\n' +
    '.rdtPicker th {\n' +
    '  text-align: center;\n' +
    '  height: 28px;\n' +
    '}\n' +
    '\n' +
    '.tina-date-field .rdtPicker td {\n' +
    '  cursor: pointer;\n' +
    '}\n' +
    '\n' +
    '.tina-date-field .rdtPicker td.rdtDay:hove
r,\n' +
    '.tina-date-field .rdtPicker td.rdtHour:hov
er,\n' +
    '.tina-date-field .rdtPicker td.rdtMinute:h
over,\n' +
    '.tina-date-field .rdtPicker td.rdtSecond:h
over,\n' +
    '.tina-date-field .rdtPicker .rdtTimeToggle
:hover {\n' +
    '  background: var(--tina-color-grey-2);\n'
 +
    '  color: var(--tina-color-primary);\n' +
    '  border-radius: var(--tina-radius-small);
\n' +
    '  cursor: pointer;\n' +
    '}\n' +
    '\n' +
    '.tina-date-field .rdtPicker td.rdtDay:hove
r:active,\n' +
    '.tina-date-field .rdtPicker td.rdtHour:hov
er:active,\n' +
    '.tina-date-field .rdtPicker td.rdtMinute:h
over:active,\n' +
    '.tina-date-field .rdtPicker td.rdtSecond:h
over:active,\n' +
    '.tina-date-field .rdtPicker .rdtTimeToggle
:hover:active {\n' +
    '  background: var(--tina-color-primary);\n
' +
    '  color: var(--tina-color-grey-0);\n' +
    '  border-radius: var(--tina-radius-small);
\n' +
    '}\n' +
    '\n' +
    '.tina-date-field .rdtPicker td.rdtOld,\n' 
+
    '.rdtPicker td.rdtNew {\n' +
    '  color: var(--tina-color-grey-6);\n' +
    '}\n' +
    '\n' +
    '.tina-date-field .rdtPicker td.rdtToday {\
n' +
    '  position: relative;\n' +
    '}\n' +
    '\n' +
    '.tina-date-field .rdtPicker td.rdtToday:be
fore {\n' +
    '  content: "";\n' +
    '  display: inline-block;\n' +
    '  border-left: 7px solid transparent;\n' +
    '  border-bottom: 7px solid var(--tina-colo
r-primary);\n' +
    '  border-radius: 20px;\n' +
    '  border-top-color: rgba(0, 0, 0, 0.2);\n'
 +
    '  position: absolute;\n' +
    '  bottom: 4px;\n' +
    '  right: 4px;\n' +
    '}\n' +
    '\n' +
    '.tina-date-field .rdtPicker td.rdtActive,\
n' +
    '.rdtPicker td.rdtActive:hover {\n' +
    '  background-color: var(--tina-color-prima
ry);\n' +
    '  color: var(--tina-color-grey-0);\n' +
    '  text-shadow: 0 -1px 0 rgba(0, 0, 0, 0.25
);\n' +
    '}\n' +
    '\n' +
    '.tina-date-field .rdtPicker td.rdtActive.r
dtToday:before {\n' +
    '  border-bottom-color: var(--tina-color-gr
ey-0);\n' +
    '}\n' +
    '\n' +
    '.tina-date-field .rdtPicker td.rdtDisabled
,\n' +
    '.rdtPicker td.rdtDisabled:hover {\n' +
    '  background: none;\n' +
    '  color: var(--tina-color-grey-6);\n' +
    '  cursor: not-allowed;\n' +
    '}\n' +
    '\n' +
    '.tina-date-field .rdtPicker td span.rdtOld
 {\n' +
    '  color: var(--tina-color-grey-6);\n' +
    '}\n' +
    '\n' +
    '.tina-date-field .rdtPicker td span.rdtDis
abled,\n' +
    '.rdtPicker td span.rdtDisabled:hover {\n' 
+
    '  background: none;\n' +
    '  color: var(--tina-color-grey-6);\n' +
    '  cursor: not-allowed;\n' +
    '}\n' +
    '\n' +
    '.tina-date-field .rdtPicker th {\n' +
    '  border-bottom: 1px solid var(--tina-colo
r-grey-1);\n' +
    '}\n' +
    '\n' +
    '.tina-date-field .rdtPicker .dow {\n' +
    '  width: 14.2857%;\n' +
    '  border-bottom: none;\n' +
    '  cursor: default;\n' +
    '}\n' +
    '\n' +
    '.tina-date-field .rdtPicker th.rdtSwitch {
\n' +
    '  width: 100px;\n' +
    '}\n' +
    '\n' +
    '.tina-date-field .rdtPicker th.rdtNext,\n'
 +
    '.rdtPicker th.rdtPrev {\n' +
    '  font-size: 21px;\n' +
    '  vertical-align: top;\n' +
    '}\n' +
    '\n' +
    '.tina-date-field .rdtPrev span,\n' +
    '.rdtNext span {\n' +
    '  display: block;\n' +
    '  -webkit-touch-callout: none;\n' +
    '  /* iOS Safari */\n' +
    '  -webkit-user-select: none;\n' +
    '  /* Chrome/Safari/Opera */\n' +
    '  -khtml-user-select: none;\n' +
    '  /* Konqueror */\n' +
    '  -moz-user-select: none;\n' +
    '  /* Firefox */\n' +
    '  -ms-user-select: none;\n' +
    '  /* Internet Explorer/Edge */\n' +
    '  user-select: none;\n' +
    '}\n' +
    '\n' +
    '.tina-date-field .rdtPicker th.rdtDisabled
,\n' +
    '.rdtPicker th.rdtDisabled:hover {\n' +
    '  background: none;\n' +
    '  color: var(--tina-color-grey-6);\n' +
    '  cursor: not-allowed;\n' +
    '}\n' +
    '\n' +
    '.tina-date-field .rdtPicker thead tr:first
-child th {\n' +
    '  cursor: pointer;\n' +
    '}\n' +
    '\n' +
    '.tina-date-field .rdtPicker thead tr:first
-child th:hover {\n' +
    '  background: var(--tina-color-grey-2);\n'
 +
    '  color: var(--tina-color-primary);\n' +
    '  border-radius: var(--tina-radius-small);
\n' +
    '}\n' +
    '\n' +
    '.tina-date-field .rdtPicker tfoot {\n' +
    '  border-top: 1px solid var(--tina-color-g
rey-1);\n' +
    '}\n' +
    '\n' +
    '.tina-date-field .rdtPicker button {\n' +
    '  border: none;\n' +
    '  background: none;\n' +
    '  cursor: pointer;\n' +
    '}\n' +
    '\n' +
    '.tina-date-field .rdtPicker button:hover {
\n' +
    '  background: var(--tina-color-grey-2);\n'
 +
    '  color: var(--tina-color-primary);\n' +
    '  border-radius: var(--tina-radius-small);
\n' +
    '}\n' +
    '\n' +
    '.tina-date-field .rdtPicker thead button {
\n' +
    '  width: 100%;\n' +
    '  height: 100%;\n' +
    '}\n' +
    '\n' +
    '.tina-date-field td.rdtMonth,\n' +
    'td.rdtYear {\n' +
    '  height: 50px;\n' +
    '  width: 25%;\n' +
    '  cursor: pointer;\n' +
    '}\n' +
    '\n' +
    '.tina-date-field td.rdtMonth:hover,\n' +
    'td.rdtYear:hover {\n' +
    '  background: var(--tina-color-grey-2);\n'
 +
    '  color: var(--tina-color-primary);\n' +
    '  border-radius: var(--tina-radius-small);
\n' +
    '}\n' +
    '\n' +
    '.tina-date-field .rdtCounters {\n' +
    '  display: inline-block;\n' +
    '}\n' +
    '\n' +
    '.tina-date-field .rdtCounters > div {\n' +
    '  float: left;\n' +
    '}\n' +
    '\n' +
    '.tina-date-field .rdtCounter {\n' +
    '  height: 100px;\n' +
    '}\n' +
    '\n' +
    '.tina-date-field .rdtCounter {\n' +
    '  width: 40px;\n' +
    '}\n' +
    '\n' +
    '.tina-date-field .rdtCounterSeparator {\n'
 +
    '  line-height: 100px;\n' +
    '}\n' +
    '\n' +
    '.tina-date-field .rdtCounter .rdtBtn {\n' 
+
    '  height: 40%;\n' +
    '  line-height: 40px;\n' +
    '  cursor: pointer;\n' +
    '  display: block;\n' +
    '  -webkit-touch-callout: none;\n' +
    '  /* iOS Safari */\n' +
    '  -webkit-user-select: none;\n' +
    '  /* Chrome/Safari/Opera */\n' +
    '  -khtml-user-select: none;\n' +
    '  /* Konqueror */\n' +
    '  -moz-user-select: none;\n' +
    '  /* Firefox */\n' +
    '  -ms-user-select: none;\n' +
    '  /* Internet Explorer/Edge */\n' +
    '  user-select: none;\n' +
    '}\n' +
    '\n' +
    '.tina-date-field .rdtCounter .rdtBtn:hover
 {\n' +
    '  background: var(--tina-color-grey-2);\n'
 +
    '  color: var(--tina-color-primary);\n' +
    '  border-radius: var(--tina-radius-small);
\n' +
    '}\n' +
    '\n' +
    '.tina-date-field .rdtCounter .rdtCount {\n
' +
    '  height: 20%;\n' +
    '  font-size: 1.2em;\n' +
    '}\n' +
    '\n' +
    '.tina-date-field .rdtMilli {\n' +
    '  vertical-align: middle;\n' +
    '  padding-left: 8px;\n' +
    '  width: 48px;\n' +
    '}\n' +
    '\n' +
    '.tina-date-field .rdtMilli input {\n' +
    '  width: 100%;\n' +
    '  font-size: 1.2em;\n' +
    '  margin-top: 37px;\n' +
    '}\n' +
    '\n' +
    '.tina-date-field .rdtTime td {\n' +
    '  cursor: default;\n' +
    '}\n' +
    '\n' +
    '/* Override Radix UI Portal wrapper z-inde
x for dropdown menus */\n' +
    '[data-radix-popper-content-wrapper] {\n' +
    '  z-index: 10800 !important;\n' +
    '}\n',
  plugin: 'vite:css',
  hook: 'transform',
  id: 'C:/Users/kissb/Documents/tyukod.hu/node_
modules/@tinacms/app/src/index.css',
  watchFiles: [
    'C:/Users/kissb/Documents/tyukod.hu/node_mo
dules/@tinacms/app/index.html',
    '\x00vite/modulepreload-polyfill',
    'C:/Users/kissb/Documents/tyukod.hu/node_mo
dules/@tinacms/app/src/main.tsx',
    '\x00react/jsx-dev-runtime',
    'C:/Users/kissb/Documents/tyukod.hu/node_mo
dules/react/index.js',
    'C:/Users/kissb/Documents/tyukod.hu/node_mo
dules/react-dom/client.js',
    'C:/Users/kissb/Documents/tyukod.hu/node_mo
dules/@tinacms/app/src/App.tsx',
    'C:/Users/kissb/Documents/tyukod.hu/node_mo
dules/@tinacms/app/src/index.css',
    'package.json',
    'C:/Users/kissb/Documents/tyukod.hu/node_mo
dules/react/jsx-dev-runtime.js',
    'C:/Users/kissb/Documents/tyukod.hu/node_mo
dules/react/cjs/react.development.js',
    'C:/Users/kissb/Documents/tyukod.hu/node_mo
dules/react-dom/index.js',
    'C:/Users/kissb/Documents/tyukod.hu/node_mo
dules/react/cjs/react-jsx-dev-runtime.developme
nt.js',
    'C:/Users/kissb/Documents/tyukod.hu/node_mo
dules/react-dom/cjs/react-dom.development.js',
    '\x00commonjsHelpers.js',
    '\x00C:/Users/kissb/Documents/tyukod.hu/nod
e_modules/react/index.js?commonjs-module',
    '\x00C:/Users/kissb/Documents/tyukod.hu/nod
e_modules/react/cjs/react.development.js?common
js-proxy',
    '\x00C:/Users/kissb/Documents/tyukod.hu/nod
e_modules/react/cjs/react.development.js?common
js-module',
    '\x00C:/Users/kissb/Documents/tyukod.hu/nod
e_modules/react/jsx-dev-runtime.js?commonjs-mod
ule',
    '\x00C:/Users/kissb/Documents/tyukod.hu/nod
e_modules/react/cjs/react-jsx-dev-runtime.devel
opment.js?commonjs-proxy',
    '\x00C:/Users/kissb/Documents/tyukod.hu/nod
e_modules/react/cjs/react-jsx-dev-runtime.devel
opment.js?commonjs-exports',
    '\x00C:/Users/kissb/Documents/tyukod.hu/nod
e_modules/react/index.js?commonjs-proxy',
    'C:/Users/kissb/Documents/tyukod.hu/node_mo
dules/tinacms/dist/index.js',
    'C:/Users/kissb/Documents/tyukod.hu/node_mo
dules/@tinacms/app/src/preview.tsx',
    'C:/Users/kissb/Documents/tyukod.hu/node_mo
dules/@tinacms/app/src/Playground.tsx',
    'C:/Users/kissb/Documents/tyukod.hu/node_mo
dules/@tinacms/app/src/fields/rich-text/index.t
sx',
    '\x00vite/preload-helper',
    'C:/Users/kissb/Documents/tyukod.hu/tina/__
generated__/config.prebuild.jsx',
    'C:/Users/kissb/Documents/tyukod.hu/tina/__
generated__/_graphql.json',
    'C:/Users/kissb/Documents/tyukod.hu/tina/__
generated__/static-media.json',
    'C:/Users/kissb/Documents/tyukod.hu/node_mo
dules/scheduler/index.js',
    'C:/Users/kissb/Documents/tyukod.hu/node_mo
dules/@tinacms/app/src/lib/graphql-reducer.ts',
    'C:/Users/kissb/Documents/tyukod.hu/node_mo
dules/scheduler/cjs/scheduler.development.js',
    'C:\\Users\\kissb\\Documents\\tyukod.hu\\pa
ckage.json',
    'C:/Users/kissb/Documents/tyukod.hu/node_mo
dules/next-tinacms-cloudinary/dist/index.js',
    '\x00C:/Users/kissb/Documents/tyukod.hu/nod
e_modules/react-dom/client.js?commonjs-exports'
,
    '\x00C:/Users/kissb/Documents/tyukod.hu/nod
e_modules/react-dom/index.js?commonjs-proxy',
    '\x00C:/Users/kissb/Documents/tyukod.hu/nod
e_modules/react-dom/index.js?commonjs-module',
    '\x00C:/Users/kissb/Documents/tyukod.hu/nod
e_modules/react-dom/cjs/react-dom.development.j
s?commonjs-proxy',
    '\x00C:/Users/kissb/Documents/tyukod.hu/nod
e_modules/react-dom/cjs/react-dom.development.j
s?commonjs-exports',
    '\x00C:/Users/kissb/Documents/tyukod.hu/nod
e_modules/scheduler/index.js?commonjs-proxy',
    '\x00C:/Users/kissb/Documents/tyukod.hu/nod
e_modules/scheduler/index.js?commonjs-module',
    '\x00C:/Users/kissb/Documents/tyukod.hu/nod
e_modules/scheduler/cjs/scheduler.development.j
s?commonjs-proxy',
    '\x00C:/Users/kissb/Documents/tyukod.hu/nod
e_modules/scheduler/cjs/scheduler.development.j
s?commonjs-exports',
    'C:/Users/kissb/Documents/tyukod.hu/node_mo
dules/zod/index.js',
    'C:/Users/kissb/Documents/tyukod.hu/node_mo
dules/is-hotkey/lib/index.js',
    'C:/Users/kissb/Documents/tyukod.hu/node_mo
dules/tinacms/node_modules/lucide-react/dist/es
m/lucide-react.js',
    'C:/Users/kissb/Documents/tyukod.hu/node_mo
dules/@ariakit/react/esm/index.js',
    'C:/Users/kissb/Documents/tyukod.hu/node_mo
dules/final-form/dist/final-form.es.js',
    'C:/Users/kissb/Documents/tyukod.hu/node_mo
dules/final-form-arrays/dist/final-form-arrays.
es.js',
    'C:/Users/kissb/Documents/tyukod.hu/node_mo
dules/final-form-set-field-data/dist/final-form
-set-field-data.es.js',
    'C:/Users/kissb/Documents/tyukod.hu/node_mo
dules/react-final-form/dist/react-final-form.es
.js',
    'C:/Users/kissb/Documents/tyukod.hu/node_mo
dules/tinacms/node_modules/prop-types/index.js'
,
    'C:/Users/kissb/Documents/tyukod.hu/node_mo
dules/@dnd-kit/core/dist/core.esm.js',
    'C:/Users/kissb/Documents/tyukod.hu/node_mo
dules/@dnd-kit/sortable/dist/sortable.esm.js',
    'C:/Users/kissb/Documents/tyukod.hu/node_mo
dules/@dnd-kit/utilities/dist/utilities.esm.js'
,
    'C:/Users/kissb/Documents/tyukod.hu/node_mo
dules/tinacms/node_modules/@graphql-inspector/c
ore/esm/index.js',
    'C:/Users/kissb/Documents/tyukod.hu/node_mo
dules/color-string/index.js',
    'C:/Users/kissb/Documents/tyukod.hu/node_mo
dules/react-dropzone/dist/es/index.js',
    'C:/Users/kissb/Documents/tyukod.hu/node_mo
dules/@headlessui/react/dist/headlessui.esm.js'
,
    'C:/Users/kissb/Documents/tyukod.hu/node_mo
dules/yup/index.esm.js',
    'C:/Users/kissb/Documents/tyukod.hu/node_mo
dules/moment/dist/moment.js',
    'C:/Users/kissb/Documents/tyukod.hu/node_mo
dules/moment-timezone/index.js',
    'C:/Users/kissb/Documents/tyukod.hu/node_mo
dules/react-day-picker/dist/esm/index.js',
    'C:/Users/kissb/Documents/tyukod.hu/node_mo
dules/tinacms/node_modules/date-fns/index.js',
    'C:/Users/kissb/Documents/tyukod.hu/node_mo
dules/@tinacms/schema-tools/dist/index.js',
    'C:/Users/kissb/Documents/tyukod.hu/node_mo
dules/graphql-tag/lib/index.js',
    'C:/Users/kissb/Documents/tyukod.hu/node_mo
dules/react-router-dom/index.js',
    'C:/Users/kissb/Documents/tyukod.hu/node_mo
dules/@tinacms/mdx/dist/index.browser.js',
    'C:/Users/kissb/Documents/tyukod.hu/node_mo
dules/@udecode/cn/dist/index.mjs',
    'C:/Users/kissb/Documents/tyukod.hu/node_mo
dules/@udecode/plate-heading/dist/index.mjs',
    'C:/Users/kissb/Documents/tyukod.hu/node_mo
dules/clsx/dist/clsx.mjs',
    'C:/Users/kissb/Documents/tyukod.hu/node_mo
dules/@radix-ui/react-slot/dist/index.mjs',
    'C:/Users/kissb/Documents/tyukod.hu/node_mo
dules/@udecode/plate-code-block/dist/index.mjs'
,
    'C:/Users/kissb/Documents/tyukod.hu/node_mo
dules/mermaid/dist/mermaid.core.mjs',
    'C:/Users/kissb/Documents/tyukod.hu/node_mo
dules/class-variance-authority/dist/index.mjs',
    'C:/Users/kissb/Documents/tyukod.hu/node_mo
dules/cmdk/dist/index.mjs',
    'C:/Users/kissb/Documents/tyukod.hu/node_mo
dules/@radix-ui/react-dialog/dist/index.mjs',
    'C:/Users/kissb/Documents/tyukod.hu/node_mo
dules/@radix-ui/react-popover/dist/index.mjs',
    'C:/Users/kissb/Documents/tyukod.hu/node_mo
dules/@udecode/plate/dist/index.mjs',
    'C:/Users/kissb/Documents/tyukod.hu/node_mo
dules/@udecode/plate-combobox/dist/index.mjs',
    'C:/Users/kissb/Documents/tyukod.hu/node_mo
dules/@udecode/plate-reset-node/dist/index.mjs'
,
    'C:/Users/kissb/Documents/tyukod.hu/node_mo
dules/@udecode/plate-list/dist/index.mjs',
    'C:/Users/kissb/Documents/tyukod.hu/node_mo
dules/@udecode/plate-resizable/dist/index.mjs',
    'C:/Users/kissb/Documents/tyukod.hu/node_mo
dules/@udecode/plate-dnd/dist/index.mjs',
    'C:/Users/kissb/Documents/tyukod.hu/node_mo
dules/@udecode/plate-table/dist/index.mjs',
    'C:/Users/kissb/Documents/tyukod.hu/node_mo
dules/@radix-ui/react-dropdown-menu/dist/index.
mjs',
    'C:/Users/kissb/Documents/tyukod.hu/node_mo
dules/@radix-ui/react-toolbar/dist/index.mjs',
    'C:/Users/kissb/Documents/tyukod.hu/node_mo
dules/@radix-ui/react-separator/dist/index.mjs'
,
    'C:/Users/kissb/Documents/tyukod.hu/node_mo
dules/@radix-ui/react-tooltip/dist/index.mjs',
    'C:/Users/kissb/Documents/tyukod.hu/node_mo
dules/tailwind-merge/dist/bundle-mjs.mjs',
    'C:/Users/kissb/Documents/tyukod.hu/node_mo
dules/graphql/index.mjs',
    'C:/Users/kissb/Documents/tyukod.hu/node_mo
dules/react-colorful/dist/index.mjs',
    'C:/Users/kissb/Documents/tyukod.hu/node_mo
dules/@udecode/cmdk/dist/index.mjs',
    'C:/Users/kissb/Documents/tyukod.hu/node_mo
dules/@udecode/plate-trailing-block/dist/index.
mjs',
    'C:/Users/kissb/Documents/tyukod.hu/node_mo
dules/@udecode/plate-floating/dist/index.mjs',
    'C:/Users/kissb/Documents/tyukod.hu/node_mo
dules/@udecode/plate-block-quote/dist/index.mjs
',
    'C:/Users/kissb/Documents/tyukod.hu/node_mo
dules/@udecode/plate-node-id/dist/index.mjs',
    'C:/Users/kissb/Documents/tyukod.hu/node_mo
dules/@udecode/plate-link/dist/index.mjs',
    'C:/Users/kissb/Documents/tyukod.hu/node_mo
dules/@udecode/plate-autoformat/dist/index.mjs'
,
    ... 1875 more items
  ]
}
